Symlinking /home/rishi/catkin_pix/devel/include/geographic_msgs/RoutePath.h
Symlinking /home/rishi/catkin_pix/devel/include/geographic_msgs/BoundingBox.h
Symlinking /home/rishi/catkin_pix/devel/include/geographic_msgs/UpdateGeographicMapResponse.h
Symlinking /home/rishi/catkin_pix/devel/include/geographic_msgs/GetGeoPathResponse.h
Symlinking /home/rishi/catkin_pix/devel/include/geographic_msgs/KeyValue.h
Symlinking /home/rishi/catkin_pix/devel/include/geographic_msgs/GeoPoseStamped.h
Symlinking /home/rishi/catkin_pix/devel/include/geographic_msgs/GetRoutePlanRequest.h
Symlinking /home/rishi/catkin_pix/devel/include/geographic_msgs/GetGeographicMapResponse.h
Symlinking /home/rishi/catkin_pix/devel/include/geographic_msgs/RouteNetwork.h
Symlinking /home/rishi/catkin_pix/devel/include/geographic_msgs/GeoPoseWithCovarianceStamped.h
Symlinking /home/rishi/catkin_pix/devel/include/geographic_msgs/GetGeoPath.h
Symlinking /home/rishi/catkin_pix/devel/include/geographic_msgs/GeoPath.h
Symlinking /home/rishi/catkin_pix/devel/include/geographic_msgs/GeoPoint.h
Symlinking /home/rishi/catkin_pix/devel/include/geographic_msgs/GetGeographicMapRequest.h
Symlinking /home/rishi/catkin_pix/devel/include/geographic_msgs/UpdateGeographicMapRequest.h
Symlinking /home/rishi/catkin_pix/devel/include/geographic_msgs/GeoPoseWithCovariance.h
Symlinking /home/rishi/catkin_pix/devel/include/geographic_msgs/RouteSegment.h
Symlinking /home/rishi/catkin_pix/devel/include/geographic_msgs/GetGeoPathRequest.h
Symlinking /home/rishi/catkin_pix/devel/include/geographic_msgs/GeoPose.h
Symlinking /home/rishi/catkin_pix/devel/include/geographic_msgs/GetGeographicMap.h
Symlinking /home/rishi/catkin_pix/devel/include/geographic_msgs/GeographicMapChanges.h
Symlinking /home/rishi/catkin_pix/devel/include/geographic_msgs/GetRoutePlanResponse.h
Symlinking /home/rishi/catkin_pix/devel/include/geographic_msgs/GeographicMap.h
Symlinking /home/rishi/catkin_pix/devel/include/geographic_msgs/MapFeature.h
Symlinking /home/rishi/catkin_pix/devel/include/geographic_msgs/GeoPointStamped.h
Symlinking /home/rishi/catkin_pix/devel/include/geographic_msgs/GetRoutePlan.h
Symlinking /home/rishi/catkin_pix/devel/include/geographic_msgs/UpdateGeographicMap.h
Symlinking /home/rishi/catkin_pix/devel/include/geographic_msgs/WayPoint.h
Symlinking /home/rishi/catkin_pix/devel/lib/pkgconfig/geographic_msgs.pc
Symlinking /home/rishi/catkin_pix/devel/lib/python3/dist-packages/geographic_msgs/__init__.py
Symlinking /home/rishi/catkin_pix/devel/lib/python3/dist-packages/geographic_msgs/msg/_GeoPoint.py
Symlinking /home/rishi/catkin_pix/devel/lib/python3/dist-packages/geographic_msgs/msg/_GeoPoseWithCovariance.py
Symlinking /home/rishi/catkin_pix/devel/lib/python3/dist-packages/geographic_msgs/msg/_GeoPoseWithCovarianceStamped.py
Symlinking /home/rishi/catkin_pix/devel/lib/python3/dist-packages/geographic_msgs/msg/_BoundingBox.py
Symlinking /home/rishi/catkin_pix/devel/lib/python3/dist-packages/geographic_msgs/msg/__init__.py
Symlinking /home/rishi/catkin_pix/devel/lib/python3/dist-packages/geographic_msgs/msg/_GeoPose.py
Symlinking /home/rishi/catkin_pix/devel/lib/python3/dist-packages/geographic_msgs/msg/_GeographicMap.py
Symlinking /home/rishi/catkin_pix/devel/lib/python3/dist-packages/geographic_msgs/msg/_GeoPoseStamped.py
Symlinking /home/rishi/catkin_pix/devel/lib/python3/dist-packages/geographic_msgs/msg/_RouteSegment.py
Symlinking /home/rishi/catkin_pix/devel/lib/python3/dist-packages/geographic_msgs/msg/_KeyValue.py
Symlinking /home/rishi/catkin_pix/devel/lib/python3/dist-packages/geographic_msgs/msg/_RoutePath.py
Symlinking /home/rishi/catkin_pix/devel/lib/python3/dist-packages/geographic_msgs/msg/_GeoPath.py
Symlinking /home/rishi/catkin_pix/devel/lib/python3/dist-packages/geographic_msgs/msg/_MapFeature.py
Symlinking /home/rishi/catkin_pix/devel/lib/python3/dist-packages/geographic_msgs/msg/_RouteNetwork.py
Symlinking /home/rishi/catkin_pix/devel/lib/python3/dist-packages/geographic_msgs/msg/_WayPoint.py
Symlinking /home/rishi/catkin_pix/devel/lib/python3/dist-packages/geographic_msgs/msg/_GeographicMapChanges.py
Symlinking /home/rishi/catkin_pix/devel/lib/python3/dist-packages/geographic_msgs/msg/_GeoPointStamped.py
Symlinking /home/rishi/catkin_pix/devel/lib/python3/dist-packages/geographic_msgs/srv/_GetGeoPath.py
Symlinking /home/rishi/catkin_pix/devel/lib/python3/dist-packages/geographic_msgs/srv/__init__.py
Symlinking /home/rishi/catkin_pix/devel/lib/python3/dist-packages/geographic_msgs/srv/_GetGeographicMap.py
Symlinking /home/rishi/catkin_pix/devel/lib/python3/dist-packages/geographic_msgs/srv/_GetRoutePlan.py
Symlinking /home/rishi/catkin_pix/devel/lib/python3/dist-packages/geographic_msgs/srv/_UpdateGeographicMap.py
Symlinking /home/rishi/catkin_pix/devel/share/gennodejs/ros/geographic_msgs/_index.js
Symlinking /home/rishi/catkin_pix/devel/share/gennodejs/ros/geographic_msgs/msg/GeoPoseWithCovarianceStamped.js
Symlinking /home/rishi/catkin_pix/devel/share/gennodejs/ros/geographic_msgs/msg/WayPoint.js
Symlinking /home/rishi/catkin_pix/devel/share/gennodejs/ros/geographic_msgs/msg/_index.js
Symlinking /home/rishi/catkin_pix/devel/share/gennodejs/ros/geographic_msgs/msg/BoundingBox.js
Symlinking /home/rishi/catkin_pix/devel/share/gennodejs/ros/geographic_msgs/msg/KeyValue.js
Symlinking /home/rishi/catkin_pix/devel/share/gennodejs/ros/geographic_msgs/msg/GeographicMap.js
Symlinking /home/rishi/catkin_pix/devel/share/gennodejs/ros/geographic_msgs/msg/GeoPath.js
Symlinking /home/rishi/catkin_pix/devel/share/gennodejs/ros/geographic_msgs/msg/GeoPoint.js
Symlinking /home/rishi/catkin_pix/devel/share/gennodejs/ros/geographic_msgs/msg/GeoPoseStamped.js
Symlinking /home/rishi/catkin_pix/devel/share/gennodejs/ros/geographic_msgs/msg/MapFeature.js
Symlinking /home/rishi/catkin_pix/devel/share/gennodejs/ros/geographic_msgs/msg/GeoPose.js
Symlinking /home/rishi/catkin_pix/devel/share/gennodejs/ros/geographic_msgs/msg/GeoPointStamped.js
Symlinking /home/rishi/catkin_pix/devel/share/gennodejs/ros/geographic_msgs/msg/RouteNetwork.js
Symlinking /home/rishi/catkin_pix/devel/share/gennodejs/ros/geographic_msgs/msg/GeoPoseWithCovariance.js
Symlinking /home/rishi/catkin_pix/devel/share/gennodejs/ros/geographic_msgs/msg/RoutePath.js
Symlinking /home/rishi/catkin_pix/devel/share/gennodejs/ros/geographic_msgs/msg/GeographicMapChanges.js
Symlinking /home/rishi/catkin_pix/devel/share/gennodejs/ros/geographic_msgs/msg/RouteSegment.js
Symlinking /home/rishi/catkin_pix/devel/share/gennodejs/ros/geographic_msgs/srv/GetGeographicMap.js
Symlinking /home/rishi/catkin_pix/devel/share/gennodejs/ros/geographic_msgs/srv/_index.js
Symlinking /home/rishi/catkin_pix/devel/share/gennodejs/ros/geographic_msgs/srv/UpdateGeographicMap.js
Symlinking /home/rishi/catkin_pix/devel/share/gennodejs/ros/geographic_msgs/srv/GetRoutePlan.js
Symlinking /home/rishi/catkin_pix/devel/share/gennodejs/ros/geographic_msgs/srv/GetGeoPath.js
Symlinking /home/rishi/catkin_pix/devel/share/common-lisp/ros/geographic_msgs/msg/_package_GeoPoseWithCovariance.lisp
Symlinking /home/rishi/catkin_pix/devel/share/common-lisp/ros/geographic_msgs/msg/_package_GeoPoseStamped.lisp
Symlinking /home/rishi/catkin_pix/devel/share/common-lisp/ros/geographic_msgs/msg/GeoPoseWithCovarianceStamped.lisp
Symlinking /home/rishi/catkin_pix/devel/share/common-lisp/ros/geographic_msgs/msg/GeoPoint.lisp
Symlinking /home/rishi/catkin_pix/devel/share/common-lisp/ros/geographic_msgs/msg/_package_GeoPointStamped.lisp
Symlinking /home/rishi/catkin_pix/devel/share/common-lisp/ros/geographic_msgs/msg/GeographicMapChanges.lisp
Symlinking /home/rishi/catkin_pix/devel/share/common-lisp/ros/geographic_msgs/msg/_package_RouteSegment.lisp
Symlinking /home/rishi/catkin_pix/devel/share/common-lisp/ros/geographic_msgs/msg/GeoPose.lisp
Symlinking /home/rishi/catkin_pix/devel/share/common-lisp/ros/geographic_msgs/msg/_package_GeoPoint.lisp
Symlinking /home/rishi/catkin_pix/devel/share/common-lisp/ros/geographic_msgs/msg/KeyValue.lisp
Symlinking /home/rishi/catkin_pix/devel/share/common-lisp/ros/geographic_msgs/msg/_package_GeographicMap.lisp
Symlinking /home/rishi/catkin_pix/devel/share/common-lisp/ros/geographic_msgs/msg/_package_BoundingBox.lisp
Symlinking /home/rishi/catkin_pix/devel/share/common-lisp/ros/geographic_msgs/msg/_package_KeyValue.lisp
Symlinking /home/rishi/catkin_pix/devel/share/common-lisp/ros/geographic_msgs/msg/_package_MapFeature.lisp
Symlinking /home/rishi/catkin_pix/devel/share/common-lisp/ros/geographic_msgs/msg/_package_GeographicMapChanges.lisp
Symlinking /home/rishi/catkin_pix/devel/share/common-lisp/ros/geographic_msgs/msg/_package_GeoPose.lisp
Symlinking /home/rishi/catkin_pix/devel/share/common-lisp/ros/geographic_msgs/msg/GeographicMap.lisp
Symlinking /home/rishi/catkin_pix/devel/share/common-lisp/ros/geographic_msgs/msg/RouteNetwork.lisp
Symlinking /home/rishi/catkin_pix/devel/share/common-lisp/ros/geographic_msgs/msg/GeoPoseStamped.lisp
Symlinking /home/rishi/catkin_pix/devel/share/common-lisp/ros/geographic_msgs/msg/_package_RoutePath.lisp
Symlinking /home/rishi/catkin_pix/devel/share/common-lisp/ros/geographic_msgs/msg/GeoPointStamped.lisp
Symlinking /home/rishi/catkin_pix/devel/share/common-lisp/ros/geographic_msgs/msg/GeoPoseWithCovariance.lisp
Symlinking /home/rishi/catkin_pix/devel/share/common-lisp/ros/geographic_msgs/msg/_package_GeoPoseWithCovarianceStamped.lisp
Symlinking /home/rishi/catkin_pix/devel/share/common-lisp/ros/geographic_msgs/msg/GeoPath.lisp
Symlinking /home/rishi/catkin_pix/devel/share/common-lisp/ros/geographic_msgs/msg/_package_WayPoint.lisp
Symlinking /home/rishi/catkin_pix/devel/share/common-lisp/ros/geographic_msgs/msg/MapFeature.lisp
Symlinking /home/rishi/catkin_pix/devel/share/common-lisp/ros/geographic_msgs/msg/_package_RouteNetwork.lisp
Symlinking /home/rishi/catkin_pix/devel/share/common-lisp/ros/geographic_msgs/msg/_package_GeoPath.lisp
Symlinking /home/rishi/catkin_pix/devel/share/common-lisp/ros/geographic_msgs/msg/WayPoint.lisp
Symlinking /home/rishi/catkin_pix/devel/share/common-lisp/ros/geographic_msgs/msg/RouteSegment.lisp
Symlinking /home/rishi/catkin_pix/devel/share/common-lisp/ros/geographic_msgs/msg/_package.lisp
Symlinking /home/rishi/catkin_pix/devel/share/common-lisp/ros/geographic_msgs/msg/RoutePath.lisp
Symlinking /home/rishi/catkin_pix/devel/share/common-lisp/ros/geographic_msgs/msg/geographic_msgs-msg.asd
Symlinking /home/rishi/catkin_pix/devel/share/common-lisp/ros/geographic_msgs/msg/BoundingBox.lisp
Symlinking /home/rishi/catkin_pix/devel/share/common-lisp/ros/geographic_msgs/srv/GetGeoPath.lisp
Symlinking /home/rishi/catkin_pix/devel/share/common-lisp/ros/geographic_msgs/srv/_package_GetGeographicMap.lisp
Symlinking /home/rishi/catkin_pix/devel/share/common-lisp/ros/geographic_msgs/srv/GetRoutePlan.lisp
Symlinking /home/rishi/catkin_pix/devel/share/common-lisp/ros/geographic_msgs/srv/GetGeographicMap.lisp
Symlinking /home/rishi/catkin_pix/devel/share/common-lisp/ros/geographic_msgs/srv/geographic_msgs-srv.asd
Symlinking /home/rishi/catkin_pix/devel/share/common-lisp/ros/geographic_msgs/srv/_package_GetGeoPath.lisp
Symlinking /home/rishi/catkin_pix/devel/share/common-lisp/ros/geographic_msgs/srv/_package_UpdateGeographicMap.lisp
Symlinking /home/rishi/catkin_pix/devel/share/common-lisp/ros/geographic_msgs/srv/UpdateGeographicMap.lisp
Symlinking /home/rishi/catkin_pix/devel/share/common-lisp/ros/geographic_msgs/srv/_package.lisp
Symlinking /home/rishi/catkin_pix/devel/share/common-lisp/ros/geographic_msgs/srv/_package_GetRoutePlan.lisp
Symlinking /home/rishi/catkin_pix/devel/share/roseus/ros/geographic_msgs/manifest.l
Symlinking /home/rishi/catkin_pix/devel/share/roseus/ros/geographic_msgs/msg/RouteSegment.l
Symlinking /home/rishi/catkin_pix/devel/share/roseus/ros/geographic_msgs/msg/GeoPoseStamped.l
Symlinking /home/rishi/catkin_pix/devel/share/roseus/ros/geographic_msgs/msg/GeographicMapChanges.l
Symlinking /home/rishi/catkin_pix/devel/share/roseus/ros/geographic_msgs/msg/RouteNetwork.l
Symlinking /home/rishi/catkin_pix/devel/share/roseus/ros/geographic_msgs/msg/KeyValue.l
Symlinking /home/rishi/catkin_pix/devel/share/roseus/ros/geographic_msgs/msg/WayPoint.l
Symlinking /home/rishi/catkin_pix/devel/share/roseus/ros/geographic_msgs/msg/RoutePath.l
Symlinking /home/rishi/catkin_pix/devel/share/roseus/ros/geographic_msgs/msg/MapFeature.l
Symlinking /home/rishi/catkin_pix/devel/share/roseus/ros/geographic_msgs/msg/GeoPoint.l
Symlinking /home/rishi/catkin_pix/devel/share/roseus/ros/geographic_msgs/msg/GeoPose.l
Symlinking /home/rishi/catkin_pix/devel/share/roseus/ros/geographic_msgs/msg/GeoPath.l
Symlinking /home/rishi/catkin_pix/devel/share/roseus/ros/geographic_msgs/msg/GeoPoseWithCovarianceStamped.l
Symlinking /home/rishi/catkin_pix/devel/share/roseus/ros/geographic_msgs/msg/BoundingBox.l
Symlinking /home/rishi/catkin_pix/devel/share/roseus/ros/geographic_msgs/msg/GeoPointStamped.l
Symlinking /home/rishi/catkin_pix/devel/share/roseus/ros/geographic_msgs/msg/GeographicMap.l
Symlinking /home/rishi/catkin_pix/devel/share/roseus/ros/geographic_msgs/msg/GeoPoseWithCovariance.l
Symlinking /home/rishi/catkin_pix/devel/share/roseus/ros/geographic_msgs/srv/GetGeoPath.l
Symlinking /home/rishi/catkin_pix/devel/share/roseus/ros/geographic_msgs/srv/GetRoutePlan.l
Symlinking /home/rishi/catkin_pix/devel/share/roseus/ros/geographic_msgs/srv/GetGeographicMap.l
Symlinking /home/rishi/catkin_pix/devel/share/roseus/ros/geographic_msgs/srv/UpdateGeographicMap.l
Symlinking /home/rishi/catkin_pix/devel/share/geographic_msgs/cmake/geographic_msgs-msg-paths.cmake
Symlinking /home/rishi/catkin_pix/devel/share/geographic_msgs/cmake/geographic_msgsConfig-version.cmake
Symlinking /home/rishi/catkin_pix/devel/share/geographic_msgs/cmake/geographic_msgsConfig.cmake
Symlinking /home/rishi/catkin_pix/devel/share/geographic_msgs/cmake/geographic_msgs-msg-extras.cmake
