[  0%] Built target _std_msgs_generate_messages_check_deps_Byte
[  0%] Built target _std_msgs_generate_messages_check_deps_MultiArrayDimension
[  0%] Built target _std_msgs_generate_messages_check_deps_Char
[  0%] Built target _std_msgs_generate_messages_check_deps_Time
[  0%] Built target _std_msgs_generate_messages_check_deps_Int32
[  0%] Built target _std_msgs_generate_messages_check_deps_Bool
[  0%] Built target _std_msgs_generate_messages_check_deps_Int8MultiArray
[  0%] Built target _std_msgs_generate_messages_check_deps_UInt16
[  0%] Built target _std_msgs_generate_messages_check_deps_Float32
[  0%] Built target _std_msgs_generate_messages_check_deps_ColorRGBA
[  0%] Built target _std_msgs_generate_messages_check_deps_UInt32
[  0%] Built target _std_msgs_generate_messages_check_deps_UInt64MultiArray
[  0%] Built target _std_msgs_generate_messages_check_deps_UInt8
[  0%] Built target _std_msgs_generate_messages_check_deps_UInt16MultiArray
[  0%] Built target _std_msgs_generate_messages_check_deps_ByteMultiArray
[  0%] Built target _std_msgs_generate_messages_check_deps_Int8
[  0%] Built target _std_msgs_generate_messages_check_deps_Float32MultiArray
[  0%] Built target _std_msgs_generate_messages_check_deps_UInt32MultiArray
[  0%] Built target _std_msgs_generate_messages_check_deps_String
[  0%] Built target _std_msgs_generate_messages_check_deps_Float64MultiArray
[  0%] Built target _std_msgs_generate_messages_check_deps_Empty
[  0%] Built target _std_msgs_generate_messages_check_deps_Int64
[  0%] Built target _std_msgs_generate_messages_check_deps_MultiArrayLayout
[  0%] Built target _std_msgs_generate_messages_check_deps_Float64
[  0%] Built target _std_msgs_generate_messages_check_deps_Header
[  0%] Built target _std_msgs_generate_messages_check_deps_UInt64
[  0%] Built target _std_msgs_generate_messages_check_deps_Duration
[  0%] Built target _std_msgs_generate_messages_check_deps_Int16
[  0%] Built target _std_msgs_generate_messages_check_deps_Int16MultiArray
[  0%] Built target _std_msgs_generate_messages_check_deps_Int32MultiArray
[  0%] Built target _std_msgs_generate_messages_check_deps_UInt8MultiArray
[  0%] Built target _std_msgs_generate_messages_check_deps_Int64MultiArray
[ 39%] Built target std_msgs_generate_messages_eus
[ 39%] Built target std_msgs_generate_messages_cpp
[ 59%] Built target std_msgs_generate_messages_lisp
[ 79%] Built target std_msgs_generate_messages_nodejs
[100%] Built target std_msgs_generate_messages_py
[100%] Built target std_msgs_generate_messages
