[35m[1mScanning dependencies of target _rosgraph_msgs_generate_messages_check_deps_TopicStatistics[0m
[35m[1mScanning dependencies of target _rosgraph_msgs_generate_messages_check_deps_Clock[0m
[35m[1mScanning dependencies of target std_msgs_generate_messages_cpp[0m
[  0%] Built target std_msgs_generate_messages_cpp
[  0%] Built target _rosgraph_msgs_generate_messages_check_deps_TopicStatistics
[35m[1mScanning dependencies of target _rosgraph_msgs_generate_messages_check_deps_Log[0m
[35m[1mScanning dependencies of target std_msgs_generate_messages_eus[0m
[  0%] Built target _rosgraph_msgs_generate_messages_check_deps_Clock
[  0%] Built target std_msgs_generate_messages_eus
[35m[1mScanning dependencies of target std_msgs_generate_messages_lisp[0m
[35m[1mScanning dependencies of target std_msgs_generate_messages_nodejs[0m
[  0%] Built target std_msgs_generate_messages_lisp
[  0%] Built target std_msgs_generate_messages_nodejs
[35m[1mScanning dependencies of target std_msgs_generate_messages_py[0m
[  0%] Built target _rosgraph_msgs_generate_messages_check_deps_Log
[  0%] Built target std_msgs_generate_messages_py
[35m[1mScanning dependencies of target rosgraph_msgs_generate_messages_cpp[0m
[  5%] [34m[1mGenerating C++ code from rosgraph_msgs/Clock.msg[0m
[ 11%] [34m[1mGenerating C++ code from rosgraph_msgs/Log.msg[0m
[ 17%] [34m[1mGenerating C++ code from rosgraph_msgs/TopicStatistics.msg[0m
[35m[1mScanning dependencies of target rosgraph_msgs_generate_messages_lisp[0m
[35m[1mScanning dependencies of target rosgraph_msgs_generate_messages_eus[0m
[35m[1mScanning dependencies of target rosgraph_msgs_generate_messages_nodejs[0m
[ 23%] [34m[1mGenerating EusLisp code from rosgraph_msgs/Clock.msg[0m
[ 29%] [34m[1mGenerating Lisp code from rosgraph_msgs/Clock.msg[0m
[ 35%] [34m[1mGenerating Javascript code from rosgraph_msgs/Clock.msg[0m
[ 35%] Built target rosgraph_msgs_generate_messages_cpp
[ 41%] [34m[1mGenerating Lisp code from rosgraph_msgs/Log.msg[0m
[ 47%] [34m[1mGenerating Javascript code from rosgraph_msgs/Log.msg[0m
[ 52%] [34m[1mGenerating EusLisp code from rosgraph_msgs/Log.msg[0m
[ 58%] [34m[1mGenerating Lisp code from rosgraph_msgs/TopicStatistics.msg[0m
[ 64%] [34m[1mGenerating EusLisp code from rosgraph_msgs/TopicStatistics.msg[0m
[ 70%] [34m[1mGenerating Javascript code from rosgraph_msgs/TopicStatistics.msg[0m
[ 70%] Built target rosgraph_msgs_generate_messages_lisp
[35m[1mScanning dependencies of target rosgraph_msgs_generate_messages_py[0m
[ 76%] [34m[1mGenerating Python from MSG rosgraph_msgs/Clock[0m
[ 82%] [34m[1mGenerating EusLisp manifest code for rosgraph_msgs[0m
[ 82%] Built target rosgraph_msgs_generate_messages_nodejs
[ 88%] [34m[1mGenerating Python from MSG rosgraph_msgs/Log[0m
[ 94%] [34m[1mGenerating Python from MSG rosgraph_msgs/TopicStatistics[0m
[100%] [34m[1mGenerating Python msg __init__.py for rosgraph_msgs[0m
[100%] Built target rosgraph_msgs_generate_messages_py
[100%] Built target rosgraph_msgs_generate_messages_eus
[35m[1mScanning dependencies of target rosgraph_msgs_generate_messages[0m
[100%] Built target rosgraph_msgs_generate_messages
