[  0%] Built target _roscpp_generate_messages_check_deps_SetLoggerLevel
[  0%] Built target _roscpp_generate_messages_check_deps_Logger
[  0%] Built target _roscpp_generate_messages_check_deps_Empty
[  0%] Built target rosgraph_msgs_generate_messages_lisp
[  0%] Built target _roscpp_generate_messages_check_deps_GetLoggers
[  0%] Built target std_msgs_generate_messages_cpp
[  0%] Built target rosgraph_msgs_generate_messages_py
[  0%] Built target std_msgs_generate_messages_lisp
[  5%] Built target roscpp_generate_messages_lisp
[  5%] Built target _catkin_empty_exported_target
[  5%] Built target std_msgs_generate_messages_eus
[  5%] Built target rosgraph_msgs_generate_messages_cpp
[ 11%] Built target roscpp_generate_messages_nodejs
[ 11%] Built target std_msgs_generate_messages_nodejs
[ 11%] Built target std_msgs_generate_messages_py
[ 19%] Built target roscpp_generate_messages_py
[ 19%] Built target rosgraph_msgs_generate_messages_nodejs
[ 19%] Built target rosgraph_msgs_generate_messages_eus
[ 26%] Built target roscpp_generate_messages_eus
[ 31%] Built target roscpp_generate_messages_cpp
[100%] Built target roscpp
[100%] Built target roscpp_generate_messages
