Not searching for unused variables given on the command line.
[36m--[0m The C compiler identification is GNU 9.4.0
[36m--[0m The CXX compiler identification is GNU 9.4.0
[36m--[0m Check for working C compiler: /usr/bin/cc
[36m--[0m Check for working C compiler: /usr/bin/cc -- works
[36m--[0m Detecting C compiler ABI info
[36m--[0m Detecting C compiler ABI info - done
[36m--[0m Detecting C compile features
[36m--[0m Detecting C compile features - done
[36m--[0m Check for working CXX compiler: /usr/bin/c++
[36m--[0m Check for working CXX compiler: /usr/bin/c++ -- works
[36m--[0m Detecting CXX compiler ABI info
[36m--[0m Detecting CXX compiler ABI info - done
[36m--[0m Detecting CXX compile features
[36m--[0m Detecting CXX compile features - done
[36m--[0m Using CATKIN_DEVEL_PREFIX: /home/rishi/catkin_pix/devel/.private/roscpp
[36m--[0m Using CMAKE_PREFIX_PATH: /home/rishi/catkin_pix/devel;/opt/ros/noetic
[36m--[0m This workspace overlays: /home/rishi/catkin_pix/devel;/opt/ros/noetic
[36m--[0m Found PythonInterp: /usr/bin/python3 (found suitable version "3.8.10", minimum required is "3")
[36m--[0m Using PYTHON_EXECUTABLE: /usr/bin/python3
[36m--[0m Using Debian Python package layout
[36m--[0m Found PY_em: /usr/lib/python3/dist-packages/em.py
[36m--[0m Using empy: /usr/lib/python3/dist-packages/em.py
[36m--[0m Using CATKIN_ENABLE_TESTING: ON
[36m--[0m Call enable_testing()
[36m--[0m Using CATKIN_TEST_RESULTS_DIR: /home/rishi/catkin_pix/build/roscpp/test_results
[36m--[0m Forcing gtest/gmock from source, though one was otherwise available.
[36m--[0m Found gtest sources under '/usr/src/googletest': gtests will be built
[36m--[0m Found gmock sources under '/usr/src/googletest': gmock will be built
[36m--[0m Found PythonInterp: /usr/bin/python3 (found version "3.8.10")
[36m--[0m Found Threads: TRUE
[36m--[0m Using Python nosetests: /usr/bin/nosetests3
[36m--[0m catkin 0.8.10
[36m--[0m BUILD_SHARED_LIBS is on
[36m--[0m Using these message generators: gencpp;geneus;genlisp;gennodejs;genpy
[36m--[0m Found Boost: /usr/lib/x86_64-linux-gnu/cmake/Boost-1.71.0/BoostConfig.cmake (found version "1.71.0") found components: chrono filesystem system
[36m--[0m roscpp: 1 messages, 3 services
[36m--[0m Looking for include file ifaddrs.h
[36m--[0m Looking for include file ifaddrs.h - found
[36m--[0m Looking for trunc
[36m--[0m Looking for trunc - not found
[36m--[0m Looking for epoll_wait
[36m--[0m Looking for epoll_wait - found
[36m--[0m Installing devel-space wrapper /home/rishi/catkin_pix/src/ros_comm/clients/roscpp/rosbuild/scripts/genmsg_cpp.py to /home/rishi/catkin_pix/devel/.private/roscpp/share/roscpp/rosbuild/scripts
[36m--[0m Installing devel-space wrapper /home/rishi/catkin_pix/src/ros_comm/clients/roscpp/rosbuild/scripts/gensrv_cpp.py to /home/rishi/catkin_pix/devel/.private/roscpp/share/roscpp/rosbuild/scripts
[36m--[0m Installing devel-space wrapper /home/rishi/catkin_pix/src/ros_comm/clients/roscpp/rosbuild/scripts/msg_gen.py to /home/rishi/catkin_pix/devel/.private/roscpp/share/roscpp/rosbuild/scripts
[36m--[0m Configuring done
[36m--[0m Generating done
[36m--[0m Build files have been written to: /home/rishi/catkin_pix/build/roscpp
