[35m[1mScanning dependencies of target _std_srvs_generate_messages_check_deps_Empty[0m
[35m[1mScanning dependencies of target _std_srvs_generate_messages_check_deps_SetBool[0m
[35m[1mScanning dependencies of target _std_srvs_generate_messages_check_deps_Trigger[0m
[  0%] Built target _std_srvs_generate_messages_check_deps_SetBool
[  0%] Built target _std_srvs_generate_messages_check_deps_Empty
[  0%] Built target _std_srvs_generate_messages_check_deps_Trigger
[35m[1mScanning dependencies of target std_srvs_generate_messages_eus[0m
[  5%] [34m[1mGenerating EusLisp code from std_srvs/Empty.srv[0m
[ 11%] [34m[1mGenerating EusLisp code from std_srvs/SetBool.srv[0m
[35m[1mScanning dependencies of target std_srvs_generate_messages_py[0m
[ 17%] [34m[1mGenerating EusLisp code from std_srvs/Trigger.srv[0m
[ 23%] [34m[1mGenerating Python code from SRV std_srvs/Empty[0m
[ 29%] [34m[1mGenerating EusLisp manifest code for std_srvs[0m
[35m[1mScanning dependencies of target std_srvs_generate_messages_nodejs[0m
[ 35%] [34m[1mGenerating Javascript code from std_srvs/Empty.srv[0m
[35m[1mScanning dependencies of target std_srvs_generate_messages_lisp[0m
[ 41%] [34m[1mGenerating Lisp code from std_srvs/Empty.srv[0m
[ 52%] [34m[1mGenerating Javascript code from std_srvs/SetBool.srv[0m
[ 52%] [34m[1mGenerating Python code from SRV std_srvs/SetBool[0m
[35m[1mScanning dependencies of target std_srvs_generate_messages_cpp[0m
[ 58%] [34m[1mGenerating C++ code from std_srvs/Empty.srv[0m
[ 64%] [34m[1mGenerating Lisp code from std_srvs/SetBool.srv[0m
[ 70%] [34m[1mGenerating Python code from SRV std_srvs/Trigger[0m
[ 76%] [34m[1mGenerating Javascript code from std_srvs/Trigger.srv[0m
[ 82%] [34m[1mGenerating Lisp code from std_srvs/Trigger.srv[0m
[ 82%] Built target std_srvs_generate_messages_nodejs
[ 82%] Built target std_srvs_generate_messages_lisp
[ 88%] [34m[1mGenerating C++ code from std_srvs/SetBool.srv[0m
[ 94%] [34m[1mGenerating C++ code from std_srvs/Trigger.srv[0m
[100%] [34m[1mGenerating Python srv __init__.py for std_srvs[0m
[100%] Built target std_srvs_generate_messages_cpp
[100%] Built target std_srvs_generate_messages_py
[100%] Built target std_srvs_generate_messages_eus
[35m[1mScanning dependencies of target std_srvs_generate_messages[0m
[100%] Built target std_srvs_generate_messages
