Symlinking /home/rishi/catkin_pix/devel/include/std_srvs/SetBoolRequest.h
Symlinking /home/rishi/catkin_pix/devel/include/std_srvs/EmptyRequest.h
Symlinking /home/rishi/catkin_pix/devel/include/std_srvs/TriggerRequest.h
Symlinking /home/rishi/catkin_pix/devel/include/std_srvs/Trigger.h
Symlinking /home/rishi/catkin_pix/devel/include/std_srvs/SetBoolResponse.h
Symlinking /home/rishi/catkin_pix/devel/include/std_srvs/Empty.h
Symlinking /home/rishi/catkin_pix/devel/include/std_srvs/TriggerResponse.h
Symlinking /home/rishi/catkin_pix/devel/include/std_srvs/SetBool.h
Symlinking /home/rishi/catkin_pix/devel/include/std_srvs/EmptyResponse.h
Symlinking /home/rishi/catkin_pix/devel/lib/pkgconfig/std_srvs.pc
Symlinking /home/rishi/catkin_pix/devel/lib/python3/dist-packages/std_srvs/__init__.py
Symlinking /home/rishi/catkin_pix/devel/lib/python3/dist-packages/std_srvs/srv/_Empty.py
Symlinking /home/rishi/catkin_pix/devel/lib/python3/dist-packages/std_srvs/srv/__init__.py
Symlinking /home/rishi/catkin_pix/devel/lib/python3/dist-packages/std_srvs/srv/_SetBool.py
Symlinking /home/rishi/catkin_pix/devel/lib/python3/dist-packages/std_srvs/srv/_Trigger.py
Symlinking /home/rishi/catkin_pix/devel/share/gennodejs/ros/std_srvs/_index.js
Symlinking /home/rishi/catkin_pix/devel/share/gennodejs/ros/std_srvs/srv/Empty.js
Symlinking /home/rishi/catkin_pix/devel/share/gennodejs/ros/std_srvs/srv/_index.js
Symlinking /home/rishi/catkin_pix/devel/share/gennodejs/ros/std_srvs/srv/SetBool.js
Symlinking /home/rishi/catkin_pix/devel/share/gennodejs/ros/std_srvs/srv/Trigger.js
Symlinking /home/rishi/catkin_pix/devel/share/common-lisp/ros/std_srvs/srv/_package_Trigger.lisp
Symlinking /home/rishi/catkin_pix/devel/share/common-lisp/ros/std_srvs/srv/SetBool.lisp
Symlinking /home/rishi/catkin_pix/devel/share/common-lisp/ros/std_srvs/srv/Empty.lisp
Symlinking /home/rishi/catkin_pix/devel/share/common-lisp/ros/std_srvs/srv/_package_SetBool.lisp
Symlinking /home/rishi/catkin_pix/devel/share/common-lisp/ros/std_srvs/srv/_package_Empty.lisp
Symlinking /home/rishi/catkin_pix/devel/share/common-lisp/ros/std_srvs/srv/std_srvs-srv.asd
Symlinking /home/rishi/catkin_pix/devel/share/common-lisp/ros/std_srvs/srv/_package.lisp
Symlinking /home/rishi/catkin_pix/devel/share/common-lisp/ros/std_srvs/srv/Trigger.lisp
Symlinking /home/rishi/catkin_pix/devel/share/std_srvs/cmake/std_srvsConfig.cmake
Symlinking /home/rishi/catkin_pix/devel/share/std_srvs/cmake/std_srvs-msg-paths.cmake
Symlinking /home/rishi/catkin_pix/devel/share/std_srvs/cmake/std_srvsConfig-version.cmake
Symlinking /home/rishi/catkin_pix/devel/share/std_srvs/cmake/std_srvs-msg-extras.cmake
Symlinking /home/rishi/catkin_pix/devel/share/roseus/ros/std_srvs/manifest.l
Symlinking /home/rishi/catkin_pix/devel/share/roseus/ros/std_srvs/srv/SetBool.l
Symlinking /home/rishi/catkin_pix/devel/share/roseus/ros/std_srvs/srv/Trigger.l
Symlinking /home/rishi/catkin_pix/devel/share/roseus/ros/std_srvs/srv/Empty.l
