[35m[1mScanning dependencies of target _topic_tools_generate_messages_check_deps_DemuxSelect[0m
[  0%] Built target _topic_tools_generate_messages_check_deps_DemuxSelect
[35m[1mScanning dependencies of target _topic_tools_generate_messages_check_deps_DemuxList[0m
[  0%] Built target _topic_tools_generate_messages_check_deps_DemuxList
[35m[1mScanning dependencies of target _topic_tools_generate_messages_check_deps_DemuxDelete[0m
[  0%] Built target _topic_tools_generate_messages_check_deps_DemuxDelete
[35m[1mScanning dependencies of target _topic_tools_generate_messages_check_deps_DemuxAdd[0m
[  0%] Built target _topic_tools_generate_messages_check_deps_DemuxAdd
[35m[1mScanning dependencies of target _topic_tools_generate_messages_check_deps_MuxAdd[0m
[  0%] Built target _topic_tools_generate_messages_check_deps_MuxAdd
[35m[1mScanning dependencies of target _topic_tools_generate_messages_check_deps_MuxSelect[0m
[  0%] Built target _topic_tools_generate_messages_check_deps_MuxSelect
[35m[1mScanning dependencies of target std_msgs_generate_messages_lisp[0m
[  0%] Built target std_msgs_generate_messages_lisp
[35m[1mScanning dependencies of target _topic_tools_generate_messages_check_deps_MuxList[0m
[  0%] Built target _topic_tools_generate_messages_check_deps_MuxList
[35m[1mScanning dependencies of target _topic_tools_generate_messages_check_deps_MuxDelete[0m
[  0%] Built target _topic_tools_generate_messages_check_deps_MuxDelete
[35m[1mScanning dependencies of target std_msgs_generate_messages_py[0m
[  0%] Built target std_msgs_generate_messages_py
[35m[1mScanning dependencies of target std_msgs_generate_messages_nodejs[0m
[  0%] Built target std_msgs_generate_messages_nodejs
[35m[1mScanning dependencies of target std_msgs_generate_messages_cpp[0m
[  0%] Built target std_msgs_generate_messages_cpp
[35m[1mScanning dependencies of target std_msgs_generate_messages_eus[0m
[  0%] Built target std_msgs_generate_messages_eus
[35m[1mScanning dependencies of target topic_tools_generate_messages_lisp[0m
[  1%] [34m[1mGenerating Lisp code from topic_tools/MuxAdd.srv[0m
[35m[1mScanning dependencies of target topic_tools_generate_messages_py[0m
[  3%] [34m[1mGenerating Python code from SRV topic_tools/MuxAdd[0m
[  5%] [34m[1mGenerating Lisp code from topic_tools/MuxDelete.srv[0m
[  7%] [34m[1mGenerating Lisp code from topic_tools/MuxList.srv[0m
[  8%] [34m[1mGenerating Lisp code from topic_tools/MuxSelect.srv[0m
[ 10%] [34m[1mGenerating Python code from SRV topic_tools/MuxDelete[0m
[ 12%] [34m[1mGenerating Lisp code from topic_tools/DemuxAdd.srv[0m
[ 14%] [34m[1mGenerating Lisp code from topic_tools/DemuxDelete.srv[0m
[ 15%] [34m[1mGenerating Lisp code from topic_tools/DemuxList.srv[0m
[ 17%] [34m[1mGenerating Lisp code from topic_tools/DemuxSelect.srv[0m
[ 19%] [34m[1mGenerating Python code from SRV topic_tools/MuxList[0m
[ 19%] Built target topic_tools_generate_messages_lisp
[35m[1mScanning dependencies of target topic_tools_generate_messages_nodejs[0m
[ 21%] [34m[1mGenerating Javascript code from topic_tools/MuxAdd.srv[0m
[ 22%] [34m[1mGenerating Javascript code from topic_tools/MuxDelete.srv[0m
[ 24%] [34m[1mGenerating Javascript code from topic_tools/MuxList.srv[0m
[ 26%] [34m[1mGenerating Python code from SRV topic_tools/MuxSelect[0m
[ 28%] [34m[1mGenerating Javascript code from topic_tools/MuxSelect.srv[0m
[ 29%] [34m[1mGenerating Javascript code from topic_tools/DemuxAdd.srv[0m
[ 31%] [34m[1mGenerating Javascript code from topic_tools/DemuxDelete.srv[0m
[ 33%] [34m[1mGenerating Javascript code from topic_tools/DemuxList.srv[0m
[ 35%] [34m[1mGenerating Javascript code from topic_tools/DemuxSelect.srv[0m
[ 36%] [34m[1mGenerating Python code from SRV topic_tools/DemuxAdd[0m
[ 36%] Built target topic_tools_generate_messages_nodejs
[ 38%] [34m[1mGenerating Python code from SRV topic_tools/DemuxDelete[0m
[ 40%] [34m[1mGenerating Python code from SRV topic_tools/DemuxSelect[0m
[ 42%] [34m[1mGenerating Python code from SRV topic_tools/DemuxList[0m
[ 43%] [34m[1mGenerating Python srv __init__.py for topic_tools[0m
[ 43%] Built target topic_tools_generate_messages_py
[35m[1mScanning dependencies of target topic_tools_generate_messages_cpp[0m
[ 45%] [34m[1mGenerating C++ code from topic_tools/MuxAdd.srv[0m
[ 47%] [34m[1mGenerating C++ code from topic_tools/MuxDelete.srv[0m
[35m[1mScanning dependencies of target topic_tools_generate_messages_eus[0m
[ 49%] [34m[1mGenerating EusLisp code from topic_tools/MuxAdd.srv[0m
[ 50%] [34m[1mGenerating C++ code from topic_tools/MuxList.srv[0m
[ 52%] [34m[1mGenerating EusLisp code from topic_tools/MuxDelete.srv[0m
[ 54%] [34m[1mGenerating EusLisp code from topic_tools/MuxList.srv[0m
[ 56%] [34m[1mGenerating C++ code from topic_tools/MuxSelect.srv[0m
[ 57%] [34m[1mGenerating EusLisp code from topic_tools/MuxSelect.srv[0m
[ 59%] [34m[1mGenerating C++ code from topic_tools/DemuxAdd.srv[0m
[ 61%] [34m[1mGenerating EusLisp code from topic_tools/DemuxAdd.srv[0m
[ 63%] [34m[1mGenerating C++ code from topic_tools/DemuxDelete.srv[0m
[ 64%] [34m[1mGenerating EusLisp code from topic_tools/DemuxDelete.srv[0m
[ 66%] [34m[1mGenerating EusLisp code from topic_tools/DemuxList.srv[0m
[ 68%] [34m[1mGenerating C++ code from topic_tools/DemuxList.srv[0m
[ 70%] [34m[1mGenerating C++ code from topic_tools/DemuxSelect.srv[0m
[ 71%] [34m[1mGenerating EusLisp code from topic_tools/DemuxSelect.srv[0m
[ 71%] Built target topic_tools_generate_messages_cpp
[ 73%] [34m[1mGenerating EusLisp manifest code for topic_tools[0m
[ 73%] Built target topic_tools_generate_messages_eus
[35m[1mScanning dependencies of target topic_tools[0m
[ 75%] [32mBuilding CXX object CMakeFiles/topic_tools.dir/src/shape_shifter.cpp.o[0m
[ 77%] [32mBuilding CXX object CMakeFiles/topic_tools.dir/src/parse.cpp.o[0m
[35m[1mScanning dependencies of target topic_tools_generate_messages[0m
[ 77%] Built target topic_tools_generate_messages
[ 78%] [32m[1mLinking CXX shared library /home/rishi/catkin_pix/devel/.private/topic_tools/lib/libtopic_tools.so[0m
[ 78%] Built target topic_tools
[35m[1mScanning dependencies of target switch_mux[0m
[35m[1mScanning dependencies of target relay[0m
[35m[1mScanning dependencies of target drop[0m
[35m[1mScanning dependencies of target demux[0m
[35m[1mScanning dependencies of target mux[0m
[35m[1mScanning dependencies of target throttle[0m
[ 80%] [32mBuilding CXX object CMakeFiles/relay.dir/src/relay.cpp.o[0m
[ 89%] [32mBuilding CXX object CMakeFiles/drop.dir/src/drop.cpp.o[0m
[ 89%] [32mBuilding CXX object CMakeFiles/switch_mux.dir/src/switch_mux.cpp.o[0m
[ 89%] [32mBuilding CXX object CMakeFiles/throttle.dir/src/throttle.cpp.o[0m
[ 89%] [32mBuilding CXX object CMakeFiles/demux.dir/src/demux.cpp.o[0m
[ 89%] [32mBuilding CXX object CMakeFiles/mux.dir/src/mux.cpp.o[0m
[ 91%] [32m[1mLinking CXX executable /home/rishi/catkin_pix/devel/.private/topic_tools/lib/topic_tools/switch_mux[0m
[ 92%] [32m[1mLinking CXX executable /home/rishi/catkin_pix/devel/.private/topic_tools/lib/topic_tools/drop[0m
[ 92%] Built target switch_mux
[ 94%] [32m[1mLinking CXX executable /home/rishi/catkin_pix/devel/.private/topic_tools/lib/topic_tools/throttle[0m
[ 96%] [32m[1mLinking CXX executable /home/rishi/catkin_pix/devel/.private/topic_tools/lib/topic_tools/relay[0m
[ 96%] Built target drop
[ 96%] Built target throttle
[ 96%] Built target relay
[ 98%] [32m[1mLinking CXX executable /home/rishi/catkin_pix/devel/.private/topic_tools/lib/topic_tools/demux[0m
[100%] [32m[1mLinking CXX executable /home/rishi/catkin_pix/devel/.private/topic_tools/lib/topic_tools/mux[0m
[100%] Built target demux
[100%] Built target mux
