Symlinking /home/rishi/catkin_pix/devel/include/topic_tools/DemuxListRequest.h
Symlinking /home/rishi/catkin_pix/devel/include/topic_tools/DemuxAdd.h
Symlinking /home/rishi/catkin_pix/devel/include/topic_tools/MuxListRequest.h
Symlinking /home/rishi/catkin_pix/devel/include/topic_tools/DemuxListResponse.h
Symlinking /home/rishi/catkin_pix/devel/include/topic_tools/DemuxDeleteResponse.h
Symlinking /home/rishi/catkin_pix/devel/include/topic_tools/MuxDeleteRequest.h
Symlinking /home/rishi/catkin_pix/devel/include/topic_tools/DemuxAddResponse.h
Symlinking /home/rishi/catkin_pix/devel/include/topic_tools/MuxSelectRequest.h
Symlinking /home/rishi/catkin_pix/devel/include/topic_tools/DemuxSelectResponse.h
Symlinking /home/rishi/catkin_pix/devel/include/topic_tools/DemuxDelete.h
Symlinking /home/rishi/catkin_pix/devel/include/topic_tools/MuxList.h
Symlinking /home/rishi/catkin_pix/devel/include/topic_tools/MuxAddResponse.h
Symlinking /home/rishi/catkin_pix/devel/include/topic_tools/DemuxDeleteRequest.h
Symlinking /home/rishi/catkin_pix/devel/include/topic_tools/MuxListResponse.h
Symlinking /home/rishi/catkin_pix/devel/include/topic_tools/DemuxSelect.h
Symlinking /home/rishi/catkin_pix/devel/include/topic_tools/MuxAddRequest.h
Symlinking /home/rishi/catkin_pix/devel/include/topic_tools/DemuxList.h
Symlinking /home/rishi/catkin_pix/devel/include/topic_tools/DemuxAddRequest.h
Symlinking /home/rishi/catkin_pix/devel/include/topic_tools/MuxDelete.h
Symlinking /home/rishi/catkin_pix/devel/include/topic_tools/DemuxSelectRequest.h
Symlinking /home/rishi/catkin_pix/devel/include/topic_tools/MuxDeleteResponse.h
Symlinking /home/rishi/catkin_pix/devel/include/topic_tools/MuxAdd.h
Symlinking /home/rishi/catkin_pix/devel/include/topic_tools/MuxSelect.h
Symlinking /home/rishi/catkin_pix/devel/include/topic_tools/MuxSelectResponse.h
Symlinking /home/rishi/catkin_pix/devel/etc/catkin/profile.d/20.transform.bash
Symlinking /home/rishi/catkin_pix/devel/lib/libtopic_tools.so
Symlinking /home/rishi/catkin_pix/devel/lib/pkgconfig/topic_tools.pc
Symlinking /home/rishi/catkin_pix/devel/lib/python3/dist-packages/topic_tools/__init__.py
Symlinking /home/rishi/catkin_pix/devel/lib/python3/dist-packages/topic_tools/srv/_DemuxAdd.py
Symlinking /home/rishi/catkin_pix/devel/lib/python3/dist-packages/topic_tools/srv/_DemuxSelect.py
Symlinking /home/rishi/catkin_pix/devel/lib/python3/dist-packages/topic_tools/srv/_MuxDelete.py
Symlinking /home/rishi/catkin_pix/devel/lib/python3/dist-packages/topic_tools/srv/_MuxSelect.py
Symlinking /home/rishi/catkin_pix/devel/lib/python3/dist-packages/topic_tools/srv/__init__.py
Symlinking /home/rishi/catkin_pix/devel/lib/python3/dist-packages/topic_tools/srv/_MuxAdd.py
Symlinking /home/rishi/catkin_pix/devel/lib/python3/dist-packages/topic_tools/srv/_DemuxDelete.py
Symlinking /home/rishi/catkin_pix/devel/lib/python3/dist-packages/topic_tools/srv/_MuxList.py
Symlinking /home/rishi/catkin_pix/devel/lib/python3/dist-packages/topic_tools/srv/_DemuxList.py
Symlinking /home/rishi/catkin_pix/devel/lib/topic_tools/relay
Symlinking /home/rishi/catkin_pix/devel/lib/topic_tools/mux
Symlinking /home/rishi/catkin_pix/devel/lib/topic_tools/transform
Symlinking /home/rishi/catkin_pix/devel/lib/topic_tools/mux_delete
Symlinking /home/rishi/catkin_pix/devel/lib/topic_tools/throttle
Symlinking /home/rishi/catkin_pix/devel/lib/topic_tools/demux
Symlinking /home/rishi/catkin_pix/devel/lib/topic_tools/switch_mux
Symlinking /home/rishi/catkin_pix/devel/lib/topic_tools/mux_list
Symlinking /home/rishi/catkin_pix/devel/lib/topic_tools/relay_field
Symlinking /home/rishi/catkin_pix/devel/lib/topic_tools/mux_select
Symlinking /home/rishi/catkin_pix/devel/lib/topic_tools/mux_add
Symlinking /home/rishi/catkin_pix/devel/lib/topic_tools/drop
Symlinking /home/rishi/catkin_pix/devel/share/gennodejs/ros/topic_tools/_index.js
Symlinking /home/rishi/catkin_pix/devel/share/gennodejs/ros/topic_tools/srv/DemuxSelect.js
Symlinking /home/rishi/catkin_pix/devel/share/gennodejs/ros/topic_tools/srv/_index.js
Symlinking /home/rishi/catkin_pix/devel/share/gennodejs/ros/topic_tools/srv/MuxAdd.js
Symlinking /home/rishi/catkin_pix/devel/share/gennodejs/ros/topic_tools/srv/MuxSelect.js
Symlinking /home/rishi/catkin_pix/devel/share/gennodejs/ros/topic_tools/srv/MuxList.js
Symlinking /home/rishi/catkin_pix/devel/share/gennodejs/ros/topic_tools/srv/DemuxDelete.js
Symlinking /home/rishi/catkin_pix/devel/share/gennodejs/ros/topic_tools/srv/DemuxAdd.js
Symlinking /home/rishi/catkin_pix/devel/share/gennodejs/ros/topic_tools/srv/MuxDelete.js
Symlinking /home/rishi/catkin_pix/devel/share/gennodejs/ros/topic_tools/srv/DemuxList.js
Symlinking /home/rishi/catkin_pix/devel/share/common-lisp/ros/topic_tools/srv/DemuxDelete.lisp
Symlinking /home/rishi/catkin_pix/devel/share/common-lisp/ros/topic_tools/srv/MuxSelect.lisp
Symlinking /home/rishi/catkin_pix/devel/share/common-lisp/ros/topic_tools/srv/_package_DemuxDelete.lisp
Symlinking /home/rishi/catkin_pix/devel/share/common-lisp/ros/topic_tools/srv/topic_tools-srv.asd
Symlinking /home/rishi/catkin_pix/devel/share/common-lisp/ros/topic_tools/srv/DemuxSelect.lisp
Symlinking /home/rishi/catkin_pix/devel/share/common-lisp/ros/topic_tools/srv/_package_MuxSelect.lisp
Symlinking /home/rishi/catkin_pix/devel/share/common-lisp/ros/topic_tools/srv/_package_DemuxList.lisp
Symlinking /home/rishi/catkin_pix/devel/share/common-lisp/ros/topic_tools/srv/MuxDelete.lisp
Symlinking /home/rishi/catkin_pix/devel/share/common-lisp/ros/topic_tools/srv/MuxAdd.lisp
Symlinking /home/rishi/catkin_pix/devel/share/common-lisp/ros/topic_tools/srv/_package_DemuxSelect.lisp
Symlinking /home/rishi/catkin_pix/devel/share/common-lisp/ros/topic_tools/srv/DemuxAdd.lisp
Symlinking /home/rishi/catkin_pix/devel/share/common-lisp/ros/topic_tools/srv/_package_MuxAdd.lisp
Symlinking /home/rishi/catkin_pix/devel/share/common-lisp/ros/topic_tools/srv/_package_DemuxAdd.lisp
Symlinking /home/rishi/catkin_pix/devel/share/common-lisp/ros/topic_tools/srv/_package_MuxDelete.lisp
Symlinking /home/rishi/catkin_pix/devel/share/common-lisp/ros/topic_tools/srv/MuxList.lisp
Symlinking /home/rishi/catkin_pix/devel/share/common-lisp/ros/topic_tools/srv/DemuxList.lisp
Symlinking /home/rishi/catkin_pix/devel/share/common-lisp/ros/topic_tools/srv/_package_MuxList.lisp
Symlinking /home/rishi/catkin_pix/devel/share/common-lisp/ros/topic_tools/srv/_package.lisp
Symlinking /home/rishi/catkin_pix/devel/share/topic_tools/cmake/topic_toolsConfig.cmake
Symlinking /home/rishi/catkin_pix/devel/share/topic_tools/cmake/topic_tools-msg-extras.cmake
Symlinking /home/rishi/catkin_pix/devel/share/topic_tools/cmake/topic_toolsConfig-version.cmake
Symlinking /home/rishi/catkin_pix/devel/share/topic_tools/cmake/topic_tools-msg-paths.cmake
Symlinking /home/rishi/catkin_pix/devel/share/roseus/ros/topic_tools/manifest.l
Symlinking /home/rishi/catkin_pix/devel/share/roseus/ros/topic_tools/srv/DemuxDelete.l
Symlinking /home/rishi/catkin_pix/devel/share/roseus/ros/topic_tools/srv/DemuxAdd.l
Symlinking /home/rishi/catkin_pix/devel/share/roseus/ros/topic_tools/srv/MuxSelect.l
Symlinking /home/rishi/catkin_pix/devel/share/roseus/ros/topic_tools/srv/MuxDelete.l
Symlinking /home/rishi/catkin_pix/devel/share/roseus/ros/topic_tools/srv/DemuxList.l
Symlinking /home/rishi/catkin_pix/devel/share/roseus/ros/topic_tools/srv/MuxAdd.l
Symlinking /home/rishi/catkin_pix/devel/share/roseus/ros/topic_tools/srv/DemuxSelect.l
Symlinking /home/rishi/catkin_pix/devel/share/roseus/ros/topic_tools/srv/MuxList.l
