Symlinking /home/rishi/catkin_pix/devel/bin/rosbag
Symlinking /home/rishi/catkin_pix/devel/lib/librosbag.so
Symlinking /home/rishi/catkin_pix/devel/lib/pkgconfig/rosbag.pc
Symlinking /home/rishi/catkin_pix/devel/lib/python3/dist-packages/rosbag/__init__.py
Symlinking /home/rishi/catkin_pix/devel/lib/rosbag/play
Symlinking /home/rishi/catkin_pix/devel/lib/rosbag/topic_renamer.py
Symlinking /home/rishi/catkin_pix/devel/lib/rosbag/record
Symlinking /home/rishi/catkin_pix/devel/lib/rosbag/encrypt
Symlinking /home/rishi/catkin_pix/devel/lib/rosbag/fix_msg_defs.py
Symlinking /home/rishi/catkin_pix/devel/lib/rosbag/fastrebag.py
Symlinking /home/rishi/catkin_pix/devel/lib/rosbag/bagsort.py
Symlinking /home/rishi/catkin_pix/devel/lib/rosbag/savemsg.py
Symlinking /home/rishi/catkin_pix/devel/lib/rosbag/fixbag_batch.py
Symlinking /home/rishi/catkin_pix/devel/lib/rosbag/bag2png.py
Symlinking /home/rishi/catkin_pix/devel/lib/rosbag/makerule.py
Symlinking /home/rishi/catkin_pix/devel/lib/rosbag/fix_moved_messages.py
Symlinking /home/rishi/catkin_pix/devel/lib/rosbag/fix_md5sums.py
Symlinking /home/rishi/catkin_pix/devel/lib/rosbag/fixbag.py
Symlinking /home/rishi/catkin_pix/devel/share/rosbag/cmake/rosbagConfig.cmake
Symlinking /home/rishi/catkin_pix/devel/share/rosbag/cmake/rosbagConfig-version.cmake
