Symlinking /home/rishi/catkin_pix/devel/include/shape_msgs/MeshTriangle.h
Symlinking /home/rishi/catkin_pix/devel/include/shape_msgs/SolidPrimitive.h
Symlinking /home/rishi/catkin_pix/devel/include/shape_msgs/Plane.h
Symlinking /home/rishi/catkin_pix/devel/include/shape_msgs/Mesh.h
Symlinking /home/rishi/catkin_pix/devel/lib/pkgconfig/shape_msgs.pc
Symlinking /home/rishi/catkin_pix/devel/lib/python3/dist-packages/shape_msgs/__init__.py
Symlinking /home/rishi/catkin_pix/devel/lib/python3/dist-packages/shape_msgs/msg/_Plane.py
Symlinking /home/rishi/catkin_pix/devel/lib/python3/dist-packages/shape_msgs/msg/__init__.py
Symlinking /home/rishi/catkin_pix/devel/lib/python3/dist-packages/shape_msgs/msg/_Mesh.py
Symlinking /home/rishi/catkin_pix/devel/lib/python3/dist-packages/shape_msgs/msg/_SolidPrimitive.py
Symlinking /home/rishi/catkin_pix/devel/lib/python3/dist-packages/shape_msgs/msg/_MeshTriangle.py
Symlinking /home/rishi/catkin_pix/devel/share/shape_msgs/cmake/shape_msgsConfig.cmake
Symlinking /home/rishi/catkin_pix/devel/share/shape_msgs/cmake/shape_msgs-msg-paths.cmake
Symlinking /home/rishi/catkin_pix/devel/share/shape_msgs/cmake/shape_msgs-msg-extras.cmake
Symlinking /home/rishi/catkin_pix/devel/share/shape_msgs/cmake/shape_msgsConfig-version.cmake
Symlinking /home/rishi/catkin_pix/devel/share/gennodejs/ros/shape_msgs/_index.js
Symlinking /home/rishi/catkin_pix/devel/share/gennodejs/ros/shape_msgs/msg/_index.js
Symlinking /home/rishi/catkin_pix/devel/share/gennodejs/ros/shape_msgs/msg/SolidPrimitive.js
Symlinking /home/rishi/catkin_pix/devel/share/gennodejs/ros/shape_msgs/msg/MeshTriangle.js
Symlinking /home/rishi/catkin_pix/devel/share/gennodejs/ros/shape_msgs/msg/Plane.js
Symlinking /home/rishi/catkin_pix/devel/share/gennodejs/ros/shape_msgs/msg/Mesh.js
Symlinking /home/rishi/catkin_pix/devel/share/common-lisp/ros/shape_msgs/msg/SolidPrimitive.lisp
Symlinking /home/rishi/catkin_pix/devel/share/common-lisp/ros/shape_msgs/msg/Mesh.lisp
Symlinking /home/rishi/catkin_pix/devel/share/common-lisp/ros/shape_msgs/msg/_package_MeshTriangle.lisp
Symlinking /home/rishi/catkin_pix/devel/share/common-lisp/ros/shape_msgs/msg/_package_Plane.lisp
Symlinking /home/rishi/catkin_pix/devel/share/common-lisp/ros/shape_msgs/msg/Plane.lisp
Symlinking /home/rishi/catkin_pix/devel/share/common-lisp/ros/shape_msgs/msg/_package_SolidPrimitive.lisp
Symlinking /home/rishi/catkin_pix/devel/share/common-lisp/ros/shape_msgs/msg/shape_msgs-msg.asd
Symlinking /home/rishi/catkin_pix/devel/share/common-lisp/ros/shape_msgs/msg/_package_Mesh.lisp
Symlinking /home/rishi/catkin_pix/devel/share/common-lisp/ros/shape_msgs/msg/_package.lisp
Symlinking /home/rishi/catkin_pix/devel/share/common-lisp/ros/shape_msgs/msg/MeshTriangle.lisp
Symlinking /home/rishi/catkin_pix/devel/share/roseus/ros/shape_msgs/manifest.l
Symlinking /home/rishi/catkin_pix/devel/share/roseus/ros/shape_msgs/msg/MeshTriangle.l
Symlinking /home/rishi/catkin_pix/devel/share/roseus/ros/shape_msgs/msg/Mesh.l
Symlinking /home/rishi/catkin_pix/devel/share/roseus/ros/shape_msgs/msg/SolidPrimitive.l
Symlinking /home/rishi/catkin_pix/devel/share/roseus/ros/shape_msgs/msg/Plane.l
