Linked: (/home/rishi/catkin_pix/devel/.private/nav_msgs/include/nav_msgs/GetMap.h, /home/rishi/catkin_pix/devel/include/nav_msgs/GetMap.h)
Linked: (/home/rishi/catkin_pix/devel/.private/nav_msgs/include/nav_msgs/GetMapGoal.h, /home/rishi/catkin_pix/devel/include/nav_msgs/GetMapGoal.h)
Linked: (/home/rishi/catkin_pix/devel/.private/nav_msgs/include/nav_msgs/GetPlanRequest.h, /home/rishi/catkin_pix/devel/include/nav_msgs/GetPlanRequest.h)
Linked: (/home/rishi/catkin_pix/devel/.private/nav_msgs/include/nav_msgs/LoadMapRequest.h, /home/rishi/catkin_pix/devel/include/nav_msgs/LoadMapRequest.h)
Linked: (/home/rishi/catkin_pix/devel/.private/nav_msgs/include/nav_msgs/GetMapResult.h, /home/rishi/catkin_pix/devel/include/nav_msgs/GetMapResult.h)
Linked: (/home/rishi/catkin_pix/devel/.private/nav_msgs/include/nav_msgs/Odometry.h, /home/rishi/catkin_pix/devel/include/nav_msgs/Odometry.h)
Linked: (/home/rishi/catkin_pix/devel/.private/nav_msgs/include/nav_msgs/OccupancyGrid.h, /home/rishi/catkin_pix/devel/include/nav_msgs/OccupancyGrid.h)
Linked: (/home/rishi/catkin_pix/devel/.private/nav_msgs/include/nav_msgs/GetPlanResponse.h, /home/rishi/catkin_pix/devel/include/nav_msgs/GetPlanResponse.h)
Linked: (/home/rishi/catkin_pix/devel/.private/nav_msgs/include/nav_msgs/GetMapActionFeedback.h, /home/rishi/catkin_pix/devel/include/nav_msgs/GetMapActionFeedback.h)
Linked: (/home/rishi/catkin_pix/devel/.private/nav_msgs/include/nav_msgs/GetPlan.h, /home/rishi/catkin_pix/devel/include/nav_msgs/GetPlan.h)
Linked: (/home/rishi/catkin_pix/devel/.private/nav_msgs/include/nav_msgs/GridCells.h, /home/rishi/catkin_pix/devel/include/nav_msgs/GridCells.h)
Linked: (/home/rishi/catkin_pix/devel/.private/nav_msgs/include/nav_msgs/LoadMap.h, /home/rishi/catkin_pix/devel/include/nav_msgs/LoadMap.h)
Linked: (/home/rishi/catkin_pix/devel/.private/nav_msgs/include/nav_msgs/GetMapActionResult.h, /home/rishi/catkin_pix/devel/include/nav_msgs/GetMapActionResult.h)
Linked: (/home/rishi/catkin_pix/devel/.private/nav_msgs/include/nav_msgs/GetMapAction.h, /home/rishi/catkin_pix/devel/include/nav_msgs/GetMapAction.h)
Linked: (/home/rishi/catkin_pix/devel/.private/nav_msgs/include/nav_msgs/SetMapResponse.h, /home/rishi/catkin_pix/devel/include/nav_msgs/SetMapResponse.h)
Linked: (/home/rishi/catkin_pix/devel/.private/nav_msgs/include/nav_msgs/MapMetaData.h, /home/rishi/catkin_pix/devel/include/nav_msgs/MapMetaData.h)
Linked: (/home/rishi/catkin_pix/devel/.private/nav_msgs/include/nav_msgs/LoadMapResponse.h, /home/rishi/catkin_pix/devel/include/nav_msgs/LoadMapResponse.h)
Linked: (/home/rishi/catkin_pix/devel/.private/nav_msgs/include/nav_msgs/GetMapFeedback.h, /home/rishi/catkin_pix/devel/include/nav_msgs/GetMapFeedback.h)
Linked: (/home/rishi/catkin_pix/devel/.private/nav_msgs/include/nav_msgs/Path.h, /home/rishi/catkin_pix/devel/include/nav_msgs/Path.h)
Linked: (/home/rishi/catkin_pix/devel/.private/nav_msgs/include/nav_msgs/GetMapActionGoal.h, /home/rishi/catkin_pix/devel/include/nav_msgs/GetMapActionGoal.h)
Linked: (/home/rishi/catkin_pix/devel/.private/nav_msgs/include/nav_msgs/GetMapRequest.h, /home/rishi/catkin_pix/devel/include/nav_msgs/GetMapRequest.h)
Linked: (/home/rishi/catkin_pix/devel/.private/nav_msgs/include/nav_msgs/SetMap.h, /home/rishi/catkin_pix/devel/include/nav_msgs/SetMap.h)
Linked: (/home/rishi/catkin_pix/devel/.private/nav_msgs/include/nav_msgs/GetMapResponse.h, /home/rishi/catkin_pix/devel/include/nav_msgs/GetMapResponse.h)
Linked: (/home/rishi/catkin_pix/devel/.private/nav_msgs/include/nav_msgs/SetMapRequest.h, /home/rishi/catkin_pix/devel/include/nav_msgs/SetMapRequest.h)
Linked: (/home/rishi/catkin_pix/devel/.private/nav_msgs/lib/pkgconfig/nav_msgs.pc, /home/rishi/catkin_pix/devel/lib/pkgconfig/nav_msgs.pc)
Linked: (/home/rishi/catkin_pix/devel/.private/nav_msgs/lib/python3/dist-packages/nav_msgs/__init__.py, /home/rishi/catkin_pix/devel/lib/python3/dist-packages/nav_msgs/__init__.py)
Linked: (/home/rishi/catkin_pix/devel/.private/nav_msgs/lib/python3/dist-packages/nav_msgs/msg/__init__.py, /home/rishi/catkin_pix/devel/lib/python3/dist-packages/nav_msgs/msg/__init__.py)
Linked: (/home/rishi/catkin_pix/devel/.private/nav_msgs/lib/python3/dist-packages/nav_msgs/msg/_GetMapActionFeedback.py, /home/rishi/catkin_pix/devel/lib/python3/dist-packages/nav_msgs/msg/_GetMapActionFeedback.py)
Linked: (/home/rishi/catkin_pix/devel/.private/nav_msgs/lib/python3/dist-packages/nav_msgs/msg/_Path.py, /home/rishi/catkin_pix/devel/lib/python3/dist-packages/nav_msgs/msg/_Path.py)
Linked: (/home/rishi/catkin_pix/devel/.private/nav_msgs/lib/python3/dist-packages/nav_msgs/msg/_GridCells.py, /home/rishi/catkin_pix/devel/lib/python3/dist-packages/nav_msgs/msg/_GridCells.py)
Linked: (/home/rishi/catkin_pix/devel/.private/nav_msgs/lib/python3/dist-packages/nav_msgs/msg/_Odometry.py, /home/rishi/catkin_pix/devel/lib/python3/dist-packages/nav_msgs/msg/_Odometry.py)
Linked: (/home/rishi/catkin_pix/devel/.private/nav_msgs/lib/python3/dist-packages/nav_msgs/msg/_GetMapActionResult.py, /home/rishi/catkin_pix/devel/lib/python3/dist-packages/nav_msgs/msg/_GetMapActionResult.py)
Linked: (/home/rishi/catkin_pix/devel/.private/nav_msgs/lib/python3/dist-packages/nav_msgs/msg/_GetMapAction.py, /home/rishi/catkin_pix/devel/lib/python3/dist-packages/nav_msgs/msg/_GetMapAction.py)
Linked: (/home/rishi/catkin_pix/devel/.private/nav_msgs/lib/python3/dist-packages/nav_msgs/msg/_MapMetaData.py, /home/rishi/catkin_pix/devel/lib/python3/dist-packages/nav_msgs/msg/_MapMetaData.py)
Linked: (/home/rishi/catkin_pix/devel/.private/nav_msgs/lib/python3/dist-packages/nav_msgs/msg/_GetMapFeedback.py, /home/rishi/catkin_pix/devel/lib/python3/dist-packages/nav_msgs/msg/_GetMapFeedback.py)
Linked: (/home/rishi/catkin_pix/devel/.private/nav_msgs/lib/python3/dist-packages/nav_msgs/msg/_GetMapActionGoal.py, /home/rishi/catkin_pix/devel/lib/python3/dist-packages/nav_msgs/msg/_GetMapActionGoal.py)
Linked: (/home/rishi/catkin_pix/devel/.private/nav_msgs/lib/python3/dist-packages/nav_msgs/msg/_GetMapGoal.py, /home/rishi/catkin_pix/devel/lib/python3/dist-packages/nav_msgs/msg/_GetMapGoal.py)
Linked: (/home/rishi/catkin_pix/devel/.private/nav_msgs/lib/python3/dist-packages/nav_msgs/msg/_GetMapResult.py, /home/rishi/catkin_pix/devel/lib/python3/dist-packages/nav_msgs/msg/_GetMapResult.py)
Linked: (/home/rishi/catkin_pix/devel/.private/nav_msgs/lib/python3/dist-packages/nav_msgs/msg/_OccupancyGrid.py, /home/rishi/catkin_pix/devel/lib/python3/dist-packages/nav_msgs/msg/_OccupancyGrid.py)
Linked: (/home/rishi/catkin_pix/devel/.private/nav_msgs/lib/python3/dist-packages/nav_msgs/srv/_GetMap.py, /home/rishi/catkin_pix/devel/lib/python3/dist-packages/nav_msgs/srv/_GetMap.py)
Linked: (/home/rishi/catkin_pix/devel/.private/nav_msgs/lib/python3/dist-packages/nav_msgs/srv/_LoadMap.py, /home/rishi/catkin_pix/devel/lib/python3/dist-packages/nav_msgs/srv/_LoadMap.py)
Linked: (/home/rishi/catkin_pix/devel/.private/nav_msgs/lib/python3/dist-packages/nav_msgs/srv/__init__.py, /home/rishi/catkin_pix/devel/lib/python3/dist-packages/nav_msgs/srv/__init__.py)
Linked: (/home/rishi/catkin_pix/devel/.private/nav_msgs/lib/python3/dist-packages/nav_msgs/srv/_SetMap.py, /home/rishi/catkin_pix/devel/lib/python3/dist-packages/nav_msgs/srv/_SetMap.py)
Linked: (/home/rishi/catkin_pix/devel/.private/nav_msgs/lib/python3/dist-packages/nav_msgs/srv/_GetPlan.py, /home/rishi/catkin_pix/devel/lib/python3/dist-packages/nav_msgs/srv/_GetPlan.py)
Linked: (/home/rishi/catkin_pix/devel/.private/nav_msgs/share/gennodejs/ros/nav_msgs/_index.js, /home/rishi/catkin_pix/devel/share/gennodejs/ros/nav_msgs/_index.js)
Linked: (/home/rishi/catkin_pix/devel/.private/nav_msgs/share/gennodejs/ros/nav_msgs/msg/GetMapFeedback.js, /home/rishi/catkin_pix/devel/share/gennodejs/ros/nav_msgs/msg/GetMapFeedback.js)
Linked: (/home/rishi/catkin_pix/devel/.private/nav_msgs/share/gennodejs/ros/nav_msgs/msg/_index.js, /home/rishi/catkin_pix/devel/share/gennodejs/ros/nav_msgs/msg/_index.js)
Linked: (/home/rishi/catkin_pix/devel/.private/nav_msgs/share/gennodejs/ros/nav_msgs/msg/GetMapActionGoal.js, /home/rishi/catkin_pix/devel/share/gennodejs/ros/nav_msgs/msg/GetMapActionGoal.js)
Linked: (/home/rishi/catkin_pix/devel/.private/nav_msgs/share/gennodejs/ros/nav_msgs/msg/MapMetaData.js, /home/rishi/catkin_pix/devel/share/gennodejs/ros/nav_msgs/msg/MapMetaData.js)
Linked: (/home/rishi/catkin_pix/devel/.private/nav_msgs/share/gennodejs/ros/nav_msgs/msg/GetMapAction.js, /home/rishi/catkin_pix/devel/share/gennodejs/ros/nav_msgs/msg/GetMapAction.js)
Linked: (/home/rishi/catkin_pix/devel/.private/nav_msgs/share/gennodejs/ros/nav_msgs/msg/Path.js, /home/rishi/catkin_pix/devel/share/gennodejs/ros/nav_msgs/msg/Path.js)
Linked: (/home/rishi/catkin_pix/devel/.private/nav_msgs/share/gennodejs/ros/nav_msgs/msg/OccupancyGrid.js, /home/rishi/catkin_pix/devel/share/gennodejs/ros/nav_msgs/msg/OccupancyGrid.js)
Linked: (/home/rishi/catkin_pix/devel/.private/nav_msgs/share/gennodejs/ros/nav_msgs/msg/GetMapActionResult.js, /home/rishi/catkin_pix/devel/share/gennodejs/ros/nav_msgs/msg/GetMapActionResult.js)
Linked: (/home/rishi/catkin_pix/devel/.private/nav_msgs/share/gennodejs/ros/nav_msgs/msg/GetMapActionFeedback.js, /home/rishi/catkin_pix/devel/share/gennodejs/ros/nav_msgs/msg/GetMapActionFeedback.js)
Linked: (/home/rishi/catkin_pix/devel/.private/nav_msgs/share/gennodejs/ros/nav_msgs/msg/GridCells.js, /home/rishi/catkin_pix/devel/share/gennodejs/ros/nav_msgs/msg/GridCells.js)
Linked: (/home/rishi/catkin_pix/devel/.private/nav_msgs/share/gennodejs/ros/nav_msgs/msg/GetMapResult.js, /home/rishi/catkin_pix/devel/share/gennodejs/ros/nav_msgs/msg/GetMapResult.js)
Linked: (/home/rishi/catkin_pix/devel/.private/nav_msgs/share/gennodejs/ros/nav_msgs/msg/Odometry.js, /home/rishi/catkin_pix/devel/share/gennodejs/ros/nav_msgs/msg/Odometry.js)
Linked: (/home/rishi/catkin_pix/devel/.private/nav_msgs/share/gennodejs/ros/nav_msgs/msg/GetMapGoal.js, /home/rishi/catkin_pix/devel/share/gennodejs/ros/nav_msgs/msg/GetMapGoal.js)
Linked: (/home/rishi/catkin_pix/devel/.private/nav_msgs/share/gennodejs/ros/nav_msgs/srv/_index.js, /home/rishi/catkin_pix/devel/share/gennodejs/ros/nav_msgs/srv/_index.js)
Linked: (/home/rishi/catkin_pix/devel/.private/nav_msgs/share/gennodejs/ros/nav_msgs/srv/SetMap.js, /home/rishi/catkin_pix/devel/share/gennodejs/ros/nav_msgs/srv/SetMap.js)
Linked: (/home/rishi/catkin_pix/devel/.private/nav_msgs/share/gennodejs/ros/nav_msgs/srv/LoadMap.js, /home/rishi/catkin_pix/devel/share/gennodejs/ros/nav_msgs/srv/LoadMap.js)
Linked: (/home/rishi/catkin_pix/devel/.private/nav_msgs/share/gennodejs/ros/nav_msgs/srv/GetPlan.js, /home/rishi/catkin_pix/devel/share/gennodejs/ros/nav_msgs/srv/GetPlan.js)
Linked: (/home/rishi/catkin_pix/devel/.private/nav_msgs/share/gennodejs/ros/nav_msgs/srv/GetMap.js, /home/rishi/catkin_pix/devel/share/gennodejs/ros/nav_msgs/srv/GetMap.js)
Linked: (/home/rishi/catkin_pix/devel/.private/nav_msgs/share/common-lisp/ros/nav_msgs/msg/GetMapAction.lisp, /home/rishi/catkin_pix/devel/share/common-lisp/ros/nav_msgs/msg/GetMapAction.lisp)
Linked: (/home/rishi/catkin_pix/devel/.private/nav_msgs/share/common-lisp/ros/nav_msgs/msg/_package_Path.lisp, /home/rishi/catkin_pix/devel/share/common-lisp/ros/nav_msgs/msg/_package_Path.lisp)
Linked: (/home/rishi/catkin_pix/devel/.private/nav_msgs/share/common-lisp/ros/nav_msgs/msg/GetMapGoal.lisp, /home/rishi/catkin_pix/devel/share/common-lisp/ros/nav_msgs/msg/GetMapGoal.lisp)
Linked: (/home/rishi/catkin_pix/devel/.private/nav_msgs/share/common-lisp/ros/nav_msgs/msg/_package_GridCells.lisp, /home/rishi/catkin_pix/devel/share/common-lisp/ros/nav_msgs/msg/_package_GridCells.lisp)
Linked: (/home/rishi/catkin_pix/devel/.private/nav_msgs/share/common-lisp/ros/nav_msgs/msg/GetMapActionResult.lisp, /home/rishi/catkin_pix/devel/share/common-lisp/ros/nav_msgs/msg/GetMapActionResult.lisp)
Linked: (/home/rishi/catkin_pix/devel/.private/nav_msgs/share/common-lisp/ros/nav_msgs/msg/GetMapFeedback.lisp, /home/rishi/catkin_pix/devel/share/common-lisp/ros/nav_msgs/msg/GetMapFeedback.lisp)
Linked: (/home/rishi/catkin_pix/devel/.private/nav_msgs/share/common-lisp/ros/nav_msgs/msg/GridCells.lisp, /home/rishi/catkin_pix/devel/share/common-lisp/ros/nav_msgs/msg/GridCells.lisp)
Linked: (/home/rishi/catkin_pix/devel/.private/nav_msgs/share/common-lisp/ros/nav_msgs/msg/_package_GetMapFeedback.lisp, /home/rishi/catkin_pix/devel/share/common-lisp/ros/nav_msgs/msg/_package_GetMapFeedback.lisp)
Linked: (/home/rishi/catkin_pix/devel/.private/nav_msgs/share/common-lisp/ros/nav_msgs/msg/Odometry.lisp, /home/rishi/catkin_pix/devel/share/common-lisp/ros/nav_msgs/msg/Odometry.lisp)
Linked: (/home/rishi/catkin_pix/devel/.private/nav_msgs/share/common-lisp/ros/nav_msgs/msg/_package_GetMapGoal.lisp, /home/rishi/catkin_pix/devel/share/common-lisp/ros/nav_msgs/msg/_package_GetMapGoal.lisp)
Linked: (/home/rishi/catkin_pix/devel/.private/nav_msgs/share/common-lisp/ros/nav_msgs/msg/_package_GetMapResult.lisp, /home/rishi/catkin_pix/devel/share/common-lisp/ros/nav_msgs/msg/_package_GetMapResult.lisp)
Linked: (/home/rishi/catkin_pix/devel/.private/nav_msgs/share/common-lisp/ros/nav_msgs/msg/GetMapActionGoal.lisp, /home/rishi/catkin_pix/devel/share/common-lisp/ros/nav_msgs/msg/GetMapActionGoal.lisp)
Linked: (/home/rishi/catkin_pix/devel/.private/nav_msgs/share/common-lisp/ros/nav_msgs/msg/_package_GetMapActionGoal.lisp, /home/rishi/catkin_pix/devel/share/common-lisp/ros/nav_msgs/msg/_package_GetMapActionGoal.lisp)
Linked: (/home/rishi/catkin_pix/devel/.private/nav_msgs/share/common-lisp/ros/nav_msgs/msg/OccupancyGrid.lisp, /home/rishi/catkin_pix/devel/share/common-lisp/ros/nav_msgs/msg/OccupancyGrid.lisp)
Linked: (/home/rishi/catkin_pix/devel/.private/nav_msgs/share/common-lisp/ros/nav_msgs/msg/_package_Odometry.lisp, /home/rishi/catkin_pix/devel/share/common-lisp/ros/nav_msgs/msg/_package_Odometry.lisp)
Linked: (/home/rishi/catkin_pix/devel/.private/nav_msgs/share/common-lisp/ros/nav_msgs/msg/_package_GetMapActionResult.lisp, /home/rishi/catkin_pix/devel/share/common-lisp/ros/nav_msgs/msg/_package_GetMapActionResult.lisp)
Linked: (/home/rishi/catkin_pix/devel/.private/nav_msgs/share/common-lisp/ros/nav_msgs/msg/MapMetaData.lisp, /home/rishi/catkin_pix/devel/share/common-lisp/ros/nav_msgs/msg/MapMetaData.lisp)
Linked: (/home/rishi/catkin_pix/devel/.private/nav_msgs/share/common-lisp/ros/nav_msgs/msg/nav_msgs-msg.asd, /home/rishi/catkin_pix/devel/share/common-lisp/ros/nav_msgs/msg/nav_msgs-msg.asd)
Linked: (/home/rishi/catkin_pix/devel/.private/nav_msgs/share/common-lisp/ros/nav_msgs/msg/GetMapResult.lisp, /home/rishi/catkin_pix/devel/share/common-lisp/ros/nav_msgs/msg/GetMapResult.lisp)
Linked: (/home/rishi/catkin_pix/devel/.private/nav_msgs/share/common-lisp/ros/nav_msgs/msg/Path.lisp, /home/rishi/catkin_pix/devel/share/common-lisp/ros/nav_msgs/msg/Path.lisp)
Linked: (/home/rishi/catkin_pix/devel/.private/nav_msgs/share/common-lisp/ros/nav_msgs/msg/GetMapActionFeedback.lisp, /home/rishi/catkin_pix/devel/share/common-lisp/ros/nav_msgs/msg/GetMapActionFeedback.lisp)
Linked: (/home/rishi/catkin_pix/devel/.private/nav_msgs/share/common-lisp/ros/nav_msgs/msg/_package_GetMapActionFeedback.lisp, /home/rishi/catkin_pix/devel/share/common-lisp/ros/nav_msgs/msg/_package_GetMapActionFeedback.lisp)
Linked: (/home/rishi/catkin_pix/devel/.private/nav_msgs/share/common-lisp/ros/nav_msgs/msg/_package_OccupancyGrid.lisp, /home/rishi/catkin_pix/devel/share/common-lisp/ros/nav_msgs/msg/_package_OccupancyGrid.lisp)
Linked: (/home/rishi/catkin_pix/devel/.private/nav_msgs/share/common-lisp/ros/nav_msgs/msg/_package_MapMetaData.lisp, /home/rishi/catkin_pix/devel/share/common-lisp/ros/nav_msgs/msg/_package_MapMetaData.lisp)
Linked: (/home/rishi/catkin_pix/devel/.private/nav_msgs/share/common-lisp/ros/nav_msgs/msg/_package_GetMapAction.lisp, /home/rishi/catkin_pix/devel/share/common-lisp/ros/nav_msgs/msg/_package_GetMapAction.lisp)
Linked: (/home/rishi/catkin_pix/devel/.private/nav_msgs/share/common-lisp/ros/nav_msgs/msg/_package.lisp, /home/rishi/catkin_pix/devel/share/common-lisp/ros/nav_msgs/msg/_package.lisp)
Linked: (/home/rishi/catkin_pix/devel/.private/nav_msgs/share/common-lisp/ros/nav_msgs/srv/_package_GetPlan.lisp, /home/rishi/catkin_pix/devel/share/common-lisp/ros/nav_msgs/srv/_package_GetPlan.lisp)
Linked: (/home/rishi/catkin_pix/devel/.private/nav_msgs/share/common-lisp/ros/nav_msgs/srv/nav_msgs-srv.asd, /home/rishi/catkin_pix/devel/share/common-lisp/ros/nav_msgs/srv/nav_msgs-srv.asd)
Linked: (/home/rishi/catkin_pix/devel/.private/nav_msgs/share/common-lisp/ros/nav_msgs/srv/_package_SetMap.lisp, /home/rishi/catkin_pix/devel/share/common-lisp/ros/nav_msgs/srv/_package_SetMap.lisp)
Linked: (/home/rishi/catkin_pix/devel/.private/nav_msgs/share/common-lisp/ros/nav_msgs/srv/_package_GetMap.lisp, /home/rishi/catkin_pix/devel/share/common-lisp/ros/nav_msgs/srv/_package_GetMap.lisp)
Linked: (/home/rishi/catkin_pix/devel/.private/nav_msgs/share/common-lisp/ros/nav_msgs/srv/GetPlan.lisp, /home/rishi/catkin_pix/devel/share/common-lisp/ros/nav_msgs/srv/GetPlan.lisp)
Linked: (/home/rishi/catkin_pix/devel/.private/nav_msgs/share/common-lisp/ros/nav_msgs/srv/LoadMap.lisp, /home/rishi/catkin_pix/devel/share/common-lisp/ros/nav_msgs/srv/LoadMap.lisp)
Linked: (/home/rishi/catkin_pix/devel/.private/nav_msgs/share/common-lisp/ros/nav_msgs/srv/GetMap.lisp, /home/rishi/catkin_pix/devel/share/common-lisp/ros/nav_msgs/srv/GetMap.lisp)
Linked: (/home/rishi/catkin_pix/devel/.private/nav_msgs/share/common-lisp/ros/nav_msgs/srv/SetMap.lisp, /home/rishi/catkin_pix/devel/share/common-lisp/ros/nav_msgs/srv/SetMap.lisp)
Linked: (/home/rishi/catkin_pix/devel/.private/nav_msgs/share/common-lisp/ros/nav_msgs/srv/_package_LoadMap.lisp, /home/rishi/catkin_pix/devel/share/common-lisp/ros/nav_msgs/srv/_package_LoadMap.lisp)
Linked: (/home/rishi/catkin_pix/devel/.private/nav_msgs/share/common-lisp/ros/nav_msgs/srv/_package.lisp, /home/rishi/catkin_pix/devel/share/common-lisp/ros/nav_msgs/srv/_package.lisp)
Linked: (/home/rishi/catkin_pix/devel/.private/nav_msgs/share/roseus/ros/nav_msgs/manifest.l, /home/rishi/catkin_pix/devel/share/roseus/ros/nav_msgs/manifest.l)
Linked: (/home/rishi/catkin_pix/devel/.private/nav_msgs/share/roseus/ros/nav_msgs/msg/OccupancyGrid.l, /home/rishi/catkin_pix/devel/share/roseus/ros/nav_msgs/msg/OccupancyGrid.l)
Linked: (/home/rishi/catkin_pix/devel/.private/nav_msgs/share/roseus/ros/nav_msgs/msg/GetMapAction.l, /home/rishi/catkin_pix/devel/share/roseus/ros/nav_msgs/msg/GetMapAction.l)
Linked: (/home/rishi/catkin_pix/devel/.private/nav_msgs/share/roseus/ros/nav_msgs/msg/MapMetaData.l, /home/rishi/catkin_pix/devel/share/roseus/ros/nav_msgs/msg/MapMetaData.l)
Linked: (/home/rishi/catkin_pix/devel/.private/nav_msgs/share/roseus/ros/nav_msgs/msg/GetMapGoal.l, /home/rishi/catkin_pix/devel/share/roseus/ros/nav_msgs/msg/GetMapGoal.l)
Linked: (/home/rishi/catkin_pix/devel/.private/nav_msgs/share/roseus/ros/nav_msgs/msg/GetMapResult.l, /home/rishi/catkin_pix/devel/share/roseus/ros/nav_msgs/msg/GetMapResult.l)
Linked: (/home/rishi/catkin_pix/devel/.private/nav_msgs/share/roseus/ros/nav_msgs/msg/Path.l, /home/rishi/catkin_pix/devel/share/roseus/ros/nav_msgs/msg/Path.l)
Linked: (/home/rishi/catkin_pix/devel/.private/nav_msgs/share/roseus/ros/nav_msgs/msg/GetMapFeedback.l, /home/rishi/catkin_pix/devel/share/roseus/ros/nav_msgs/msg/GetMapFeedback.l)
Linked: (/home/rishi/catkin_pix/devel/.private/nav_msgs/share/roseus/ros/nav_msgs/msg/GetMapActionFeedback.l, /home/rishi/catkin_pix/devel/share/roseus/ros/nav_msgs/msg/GetMapActionFeedback.l)
Linked: (/home/rishi/catkin_pix/devel/.private/nav_msgs/share/roseus/ros/nav_msgs/msg/Odometry.l, /home/rishi/catkin_pix/devel/share/roseus/ros/nav_msgs/msg/Odometry.l)
Linked: (/home/rishi/catkin_pix/devel/.private/nav_msgs/share/roseus/ros/nav_msgs/msg/GetMapActionResult.l, /home/rishi/catkin_pix/devel/share/roseus/ros/nav_msgs/msg/GetMapActionResult.l)
Linked: (/home/rishi/catkin_pix/devel/.private/nav_msgs/share/roseus/ros/nav_msgs/msg/GridCells.l, /home/rishi/catkin_pix/devel/share/roseus/ros/nav_msgs/msg/GridCells.l)
Linked: (/home/rishi/catkin_pix/devel/.private/nav_msgs/share/roseus/ros/nav_msgs/msg/GetMapActionGoal.l, /home/rishi/catkin_pix/devel/share/roseus/ros/nav_msgs/msg/GetMapActionGoal.l)
Linked: (/home/rishi/catkin_pix/devel/.private/nav_msgs/share/roseus/ros/nav_msgs/srv/LoadMap.l, /home/rishi/catkin_pix/devel/share/roseus/ros/nav_msgs/srv/LoadMap.l)
Linked: (/home/rishi/catkin_pix/devel/.private/nav_msgs/share/roseus/ros/nav_msgs/srv/GetPlan.l, /home/rishi/catkin_pix/devel/share/roseus/ros/nav_msgs/srv/GetPlan.l)
Linked: (/home/rishi/catkin_pix/devel/.private/nav_msgs/share/roseus/ros/nav_msgs/srv/SetMap.l, /home/rishi/catkin_pix/devel/share/roseus/ros/nav_msgs/srv/SetMap.l)
Linked: (/home/rishi/catkin_pix/devel/.private/nav_msgs/share/roseus/ros/nav_msgs/srv/GetMap.l, /home/rishi/catkin_pix/devel/share/roseus/ros/nav_msgs/srv/GetMap.l)
Linked: (/home/rishi/catkin_pix/devel/.private/nav_msgs/share/nav_msgs/msg/GetMapActionGoal.msg, /home/rishi/catkin_pix/devel/share/nav_msgs/msg/GetMapActionGoal.msg)
Linked: (/home/rishi/catkin_pix/devel/.private/nav_msgs/share/nav_msgs/msg/GetMapAction.msg, /home/rishi/catkin_pix/devel/share/nav_msgs/msg/GetMapAction.msg)
Linked: (/home/rishi/catkin_pix/devel/.private/nav_msgs/share/nav_msgs/msg/GetMapResult.msg, /home/rishi/catkin_pix/devel/share/nav_msgs/msg/GetMapResult.msg)
Linked: (/home/rishi/catkin_pix/devel/.private/nav_msgs/share/nav_msgs/msg/GetMapActionFeedback.msg, /home/rishi/catkin_pix/devel/share/nav_msgs/msg/GetMapActionFeedback.msg)
Linked: (/home/rishi/catkin_pix/devel/.private/nav_msgs/share/nav_msgs/msg/GetMapFeedback.msg, /home/rishi/catkin_pix/devel/share/nav_msgs/msg/GetMapFeedback.msg)
Linked: (/home/rishi/catkin_pix/devel/.private/nav_msgs/share/nav_msgs/msg/GetMapGoal.msg, /home/rishi/catkin_pix/devel/share/nav_msgs/msg/GetMapGoal.msg)
Linked: (/home/rishi/catkin_pix/devel/.private/nav_msgs/share/nav_msgs/msg/GetMapActionResult.msg, /home/rishi/catkin_pix/devel/share/nav_msgs/msg/GetMapActionResult.msg)
Linked: (/home/rishi/catkin_pix/devel/.private/nav_msgs/share/nav_msgs/cmake/nav_msgsConfig.cmake, /home/rishi/catkin_pix/devel/share/nav_msgs/cmake/nav_msgsConfig.cmake)
Linked: (/home/rishi/catkin_pix/devel/.private/nav_msgs/share/nav_msgs/cmake/nav_msgs-msg-paths.cmake, /home/rishi/catkin_pix/devel/share/nav_msgs/cmake/nav_msgs-msg-paths.cmake)
Linked: (/home/rishi/catkin_pix/devel/.private/nav_msgs/share/nav_msgs/cmake/nav_msgs-msg-extras.cmake, /home/rishi/catkin_pix/devel/share/nav_msgs/cmake/nav_msgs-msg-extras.cmake)
Linked: (/home/rishi/catkin_pix/devel/.private/nav_msgs/share/nav_msgs/cmake/nav_msgsConfig-version.cmake, /home/rishi/catkin_pix/devel/share/nav_msgs/cmake/nav_msgsConfig-version.cmake)
